VirusSafeAgro/paracamera/build/intermediates/manifest_merge_blame_file/debug/manifest-merger-blame-debug-report.txt
1<?xml version="1.0" encoding="utf-8"?>
2<manifest xmlns:android="http://schemas.android.com/apk/res/android"
3    package="com.mindorks.paracamera"
4    android:versionCode="6"
5    android:versionName="0.2.2" >
6
7    <uses-sdk
8        android:minSdkVersion="16"
8-->src/main/AndroidManifest.xml
9        android:targetSdkVersion="25" />
9-->src/main/AndroidManifest.xml
10
11    <uses-permission android:name="android.permission.WRITE_EXTERNAL_STORAGE" />
11-->src/main/AndroidManifest.xml:4:5-81
11-->src/main/AndroidManifest.xml:4:22-78
12
13    <application
13-->src/main/AndroidManifest.xml:5:5-17:19
14        android:allowBackup="true"
14-->src/main/AndroidManifest.xml:6:9-35
15        android:supportsRtl="true" >
15-->src/main/AndroidManifest.xml:7:9-35
16        <provider
16-->src/main/AndroidManifest.xml:8:9-16:20
17            android:name="androidx.core.content.FileProvider"
17-->src/main/AndroidManifest.xml:9:13-62
18            android:authorities="${applicationId}.imageprovider"
18-->src/main/AndroidManifest.xml:10:13-65
19            android:exported="false"
19-->src/main/AndroidManifest.xml:11:13-37
20            android:grantUriPermissions="true" >
20-->src/main/AndroidManifest.xml:12:13-47
21            <meta-data
21-->src/main/AndroidManifest.xml:13:13-15:54
22                android:name="android.support.FILE_PROVIDER_PATHS"
22-->src/main/AndroidManifest.xml:14:17-67
23                android:resource="@xml/file_paths" />
23-->src/main/AndroidManifest.xml:15:17-51
24        </provider>
25    </application>
26
27</manifest>